<?xml version="1.0" encoding="UTF-8"?>
<testsuite xmlns:xsi="http://www.w3.org/2001/XMLSchema-instance" xsi:noNamespaceSchemaLocation="https://maven.apache.org/surefire/maven-surefire-plugin/xsd/surefire-test-report.xsd" name="com.nh.SpringBootWebsocketApplicationTests" time="7.377" tests="1" errors="0" skipped="0" failures="0">
  <properties>
    <property name="sun.desktop" value="windows"/>
    <property name="awt.toolkit" value="sun.awt.windows.WToolkit"/>
    <property name="file.encoding.pkg" value="sun.io"/>
    <property name="java.specification.version" value="1.8"/>
    <property name="sun.cpu.isalist" value="amd64"/>
    <property name="sun.jnu.encoding" value="GBK"/>
    <property name="java.class.path" value="D:\nh\workspace\spring-boot-websocket\target\test-classes;D:\nh\workspace\spring-boot-websocket\target\classes;D:\nh\maven\mvn-repository\org\springframework\boot\spring-boot-starter-thymeleaf\2.0.2.RELEASE\spring-boot-starter-thymeleaf-2.0.2.RELEASE.jar;D:\nh\maven\mvn-repository\org\springframework\boot\spring-boot-starter\2.0.2.RELEASE\spring-boot-starter-2.0.2.RELEASE.jar;D:\nh\maven\mvn-repository\org\springframework\boot\spring-boot\2.0.2.RELEASE\spring-boot-2.0.2.RELEASE.jar;D:\nh\maven\mvn-repository\org\springframework\boot\spring-boot-autoconfigure\2.0.2.RELEASE\spring-boot-autoconfigure-2.0.2.RELEASE.jar;D:\nh\maven\mvn-repository\org\springframework\boot\spring-boot-starter-logging\2.0.2.RELEASE\spring-boot-starter-logging-2.0.2.RELEASE.jar;D:\nh\maven\mvn-repository\ch\qos\logback\logback-classic\1.2.3\logback-classic-1.2.3.jar;D:\nh\maven\mvn-repository\ch\qos\logback\logback-core\1.2.3\logback-core-1.2.3.jar;D:\nh\maven\mvn-repository\org\apache\logging\log4j\log4j-to-slf4j\2.10.0\log4j-to-slf4j-2.10.0.jar;D:\nh\maven\mvn-repository\org\apache\logging\log4j\log4j-api\2.10.0\log4j-api-2.10.0.jar;D:\nh\maven\mvn-repository\org\slf4j\jul-to-slf4j\1.7.25\jul-to-slf4j-1.7.25.jar;D:\nh\maven\mvn-repository\javax\annotation\javax.annotation-api\1.3.2\javax.annotation-api-1.3.2.jar;D:\nh\maven\mvn-repository\org\yaml\snakeyaml\1.19\snakeyaml-1.19.jar;D:\nh\maven\mvn-repository\org\thymeleaf\thymeleaf-spring5\3.0.9.RELEASE\thymeleaf-spring5-3.0.9.RELEASE.jar;D:\nh\maven\mvn-repository\org\thymeleaf\thymeleaf\3.0.9.RELEASE\thymeleaf-3.0.9.RELEASE.jar;D:\nh\maven\mvn-repository\org\attoparser\attoparser\2.0.4.RELEASE\attoparser-2.0.4.RELEASE.jar;D:\nh\maven\mvn-repository\org\unbescape\unbescape\1.1.5.RELEASE\unbescape-1.1.5.RELEASE.jar;D:\nh\maven\mvn-repository\org\slf4j\slf4j-api\1.7.25\slf4j-api-1.7.25.jar;D:\nh\maven\mvn-repository\org\thymeleaf\extras\thymeleaf-extras-java8time\3.0.1.RELEASE\thymeleaf-extras-java8time-3.0.1.RELEASE.jar;D:\nh\maven\mvn-repository\org\springframework\boot\spring-boot-starter-websocket\2.0.2.RELEASE\spring-boot-starter-websocket-2.0.2.RELEASE.jar;D:\nh\maven\mvn-repository\org\springframework\boot\spring-boot-starter-web\2.0.2.RELEASE\spring-boot-starter-web-2.0.2.RELEASE.jar;D:\nh\maven\mvn-repository\org\springframework\boot\spring-boot-starter-json\2.0.2.RELEASE\spring-boot-starter-json-2.0.2.RELEASE.jar;D:\nh\maven\mvn-repository\com\fasterxml\jackson\core\jackson-databind\2.9.5\jackson-databind-2.9.5.jar;D:\nh\maven\mvn-repository\com\fasterxml\jackson\core\jackson-annotations\2.9.0\jackson-annotations-2.9.0.jar;D:\nh\maven\mvn-repository\com\fasterxml\jackson\core\jackson-core\2.9.5\jackson-core-2.9.5.jar;D:\nh\maven\mvn-repository\com\fasterxml\jackson\datatype\jackson-datatype-jdk8\2.9.5\jackson-datatype-jdk8-2.9.5.jar;D:\nh\maven\mvn-repository\com\fasterxml\jackson\datatype\jackson-datatype-jsr310\2.9.5\jackson-datatype-jsr310-2.9.5.jar;D:\nh\maven\mvn-repository\com\fasterxml\jackson\module\jackson-module-parameter-names\2.9.5\jackson-module-parameter-names-2.9.5.jar;D:\nh\maven\mvn-repository\org\springframework\boot\spring-boot-starter-tomcat\2.0.2.RELEASE\spring-boot-starter-tomcat-2.0.2.RELEASE.jar;D:\nh\maven\mvn-repository\org\apache\tomcat\embed\tomcat-embed-core\8.5.31\tomcat-embed-core-8.5.31.jar;D:\nh\maven\mvn-repository\org\apache\tomcat\embed\tomcat-embed-el\8.5.31\tomcat-embed-el-8.5.31.jar;D:\nh\maven\mvn-repository\org\apache\tomcat\embed\tomcat-embed-websocket\8.5.31\tomcat-embed-websocket-8.5.31.jar;D:\nh\maven\mvn-repository\org\hibernate\validator\hibernate-validator\6.0.9.Final\hibernate-validator-6.0.9.Final.jar;D:\nh\maven\mvn-repository\javax\validation\validation-api\2.0.1.Final\validation-api-2.0.1.Final.jar;D:\nh\maven\mvn-repository\org\jboss\logging\jboss-logging\3.3.2.Final\jboss-logging-3.3.2.Final.jar;D:\nh\maven\mvn-repository\com\fasterxml\classmate\1.3.4\classmate-1.3.4.jar;D:\nh\maven\mvn-repository\org\springframework\spring-web\5.0.6.RELEASE\spring-web-5.0.6.RELEASE.jar;D:\nh\maven\mvn-repository\org\springframework\spring-webmvc\5.0.6.RELEASE\spring-webmvc-5.0.6.RELEASE.jar;D:\nh\maven\mvn-repository\org\springframework\spring-messaging\5.0.6.RELEASE\spring-messaging-5.0.6.RELEASE.jar;D:\nh\maven\mvn-repository\org\springframework\spring-beans\5.0.6.RELEASE\spring-beans-5.0.6.RELEASE.jar;D:\nh\maven\mvn-repository\org\springframework\spring-websocket\5.0.6.RELEASE\spring-websocket-5.0.6.RELEASE.jar;D:\nh\maven\mvn-repository\org\springframework\spring-context\5.0.6.RELEASE\spring-context-5.0.6.RELEASE.jar;D:\nh\maven\mvn-repository\org\springframework\boot\spring-boot-starter-security\2.0.2.RELEASE\spring-boot-starter-security-2.0.2.RELEASE.jar;D:\nh\maven\mvn-repository\org\springframework\spring-aop\5.0.6.RELEASE\spring-aop-5.0.6.RELEASE.jar;D:\nh\maven\mvn-repository\org\springframework\security\spring-security-config\5.0.5.RELEASE\spring-security-config-5.0.5.RELEASE.jar;D:\nh\maven\mvn-repository\org\springframework\security\spring-security-core\5.0.5.RELEASE\spring-security-core-5.0.5.RELEASE.jar;D:\nh\maven\mvn-repository\org\springframework\security\spring-security-web\5.0.5.RELEASE\spring-security-web-5.0.5.RELEASE.jar;D:\nh\maven\mvn-repository\org\springframework\spring-expression\5.0.6.RELEASE\spring-expression-5.0.6.RELEASE.jar;D:\nh\maven\mvn-repository\org\springframework\boot\spring-boot-starter-test\2.0.2.RELEASE\spring-boot-starter-test-2.0.2.RELEASE.jar;D:\nh\maven\mvn-repository\org\springframework\boot\spring-boot-test\2.0.2.RELEASE\spring-boot-test-2.0.2.RELEASE.jar;D:\nh\maven\mvn-repository\org\springframework\boot\spring-boot-test-autoconfigure\2.0.2.RELEASE\spring-boot-test-autoconfigure-2.0.2.RELEASE.jar;D:\nh\maven\mvn-repository\com\jayway\jsonpath\json-path\2.4.0\json-path-2.4.0.jar;D:\nh\maven\mvn-repository\net\minidev\json-smart\2.3\json-smart-2.3.jar;D:\nh\maven\mvn-repository\net\minidev\accessors-smart\1.2\accessors-smart-1.2.jar;D:\nh\maven\mvn-repository\org\ow2\asm\asm\5.0.4\asm-5.0.4.jar;D:\nh\maven\mvn-repository\junit\junit\4.12\junit-4.12.jar;D:\nh\maven\mvn-repository\org\assertj\assertj-core\3.9.1\assertj-core-3.9.1.jar;D:\nh\maven\mvn-repository\org\mockito\mockito-core\2.15.0\mockito-core-2.15.0.jar;D:\nh\maven\mvn-repository\net\bytebuddy\byte-buddy\1.7.11\byte-buddy-1.7.11.jar;D:\nh\maven\mvn-repository\net\bytebuddy\byte-buddy-agent\1.7.11\byte-buddy-agent-1.7.11.jar;D:\nh\maven\mvn-repository\org\objenesis\objenesis\2.6\objenesis-2.6.jar;D:\nh\maven\mvn-repository\org\hamcrest\hamcrest-core\1.3\hamcrest-core-1.3.jar;D:\nh\maven\mvn-repository\org\hamcrest\hamcrest-library\1.3\hamcrest-library-1.3.jar;D:\nh\maven\mvn-repository\org\skyscreamer\jsonassert\1.5.0\jsonassert-1.5.0.jar;D:\nh\maven\mvn-repository\com\vaadin\external\google\android-json\0.0.20131108.vaadin1\android-json-0.0.20131108.vaadin1.jar;D:\nh\maven\mvn-repository\org\springframework\spring-core\5.0.6.RELEASE\spring-core-5.0.6.RELEASE.jar;D:\nh\maven\mvn-repository\org\springframework\spring-jcl\5.0.6.RELEASE\spring-jcl-5.0.6.RELEASE.jar;D:\nh\maven\mvn-repository\org\springframework\spring-test\5.0.6.RELEASE\spring-test-5.0.6.RELEASE.jar;D:\nh\maven\mvn-repository\org\xmlunit\xmlunit-core\2.5.1\xmlunit-core-2.5.1.jar;"/>
    <property name="java.vm.vendor" value="Oracle Corporation"/>
    <property name="sun.arch.data.model" value="64"/>
    <property name="user.variant" value=""/>
    <property name="java.vendor.url" value="http://java.oracle.com/"/>
    <property name="user.timezone" value=""/>
    <property name="java.vm.specification.version" value="1.8"/>
    <property name="os.name" value="Windows 7"/>
    <property name="user.country" value="CN"/>
    <property name="sun.java.launcher" value="SUN_STANDARD"/>
    <property name="sun.boot.library.path" value="C:\Program Files\Java\jdk1.8.0_161\jre\bin"/>
    <property name="sun.java.command" value="C:\Users\PACT~1.PAC\AppData\Local\Temp\surefire478772479517966298\surefirebooter7539381145260718450.jar C:\Users\pact.PACT-20180117QF\AppData\Local\Temp\surefire478772479517966298 2018-06-04T16-47-51_662-jvmRun1 surefire6716239288279006672tmp surefire_04325033536859594068tmp"/>
    <property name="surefire.test.class.path" value="D:\nh\workspace\spring-boot-websocket\target\test-classes;D:\nh\workspace\spring-boot-websocket\target\classes;D:\nh\maven\mvn-repository\org\springframework\boot\spring-boot-starter-thymeleaf\2.0.2.RELEASE\spring-boot-starter-thymeleaf-2.0.2.RELEASE.jar;D:\nh\maven\mvn-repository\org\springframework\boot\spring-boot-starter\2.0.2.RELEASE\spring-boot-starter-2.0.2.RELEASE.jar;D:\nh\maven\mvn-repository\org\springframework\boot\spring-boot\2.0.2.RELEASE\spring-boot-2.0.2.RELEASE.jar;D:\nh\maven\mvn-repository\org\springframework\boot\spring-boot-autoconfigure\2.0.2.RELEASE\spring-boot-autoconfigure-2.0.2.RELEASE.jar;D:\nh\maven\mvn-repository\org\springframework\boot\spring-boot-starter-logging\2.0.2.RELEASE\spring-boot-starter-logging-2.0.2.RELEASE.jar;D:\nh\maven\mvn-repository\ch\qos\logback\logback-classic\1.2.3\logback-classic-1.2.3.jar;D:\nh\maven\mvn-repository\ch\qos\logback\logback-core\1.2.3\logback-core-1.2.3.jar;D:\nh\maven\mvn-repository\org\apache\logging\log4j\log4j-to-slf4j\2.10.0\log4j-to-slf4j-2.10.0.jar;D:\nh\maven\mvn-repository\org\apache\logging\log4j\log4j-api\2.10.0\log4j-api-2.10.0.jar;D:\nh\maven\mvn-repository\org\slf4j\jul-to-slf4j\1.7.25\jul-to-slf4j-1.7.25.jar;D:\nh\maven\mvn-repository\javax\annotation\javax.annotation-api\1.3.2\javax.annotation-api-1.3.2.jar;D:\nh\maven\mvn-repository\org\yaml\snakeyaml\1.19\snakeyaml-1.19.jar;D:\nh\maven\mvn-repository\org\thymeleaf\thymeleaf-spring5\3.0.9.RELEASE\thymeleaf-spring5-3.0.9.RELEASE.jar;D:\nh\maven\mvn-repository\org\thymeleaf\thymeleaf\3.0.9.RELEASE\thymeleaf-3.0.9.RELEASE.jar;D:\nh\maven\mvn-repository\org\attoparser\attoparser\2.0.4.RELEASE\attoparser-2.0.4.RELEASE.jar;D:\nh\maven\mvn-repository\org\unbescape\unbescape\1.1.5.RELEASE\unbescape-1.1.5.RELEASE.jar;D:\nh\maven\mvn-repository\org\slf4j\slf4j-api\1.7.25\slf4j-api-1.7.25.jar;D:\nh\maven\mvn-repository\org\thymeleaf\extras\thymeleaf-extras-java8time\3.0.1.RELEASE\thymeleaf-extras-java8time-3.0.1.RELEASE.jar;D:\nh\maven\mvn-repository\org\springframework\boot\spring-boot-starter-websocket\2.0.2.RELEASE\spring-boot-starter-websocket-2.0.2.RELEASE.jar;D:\nh\maven\mvn-repository\org\springframework\boot\spring-boot-starter-web\2.0.2.RELEASE\spring-boot-starter-web-2.0.2.RELEASE.jar;D:\nh\maven\mvn-repository\org\springframework\boot\spring-boot-starter-json\2.0.2.RELEASE\spring-boot-starter-json-2.0.2.RELEASE.jar;D:\nh\maven\mvn-repository\com\fasterxml\jackson\core\jackson-databind\2.9.5\jackson-databind-2.9.5.jar;D:\nh\maven\mvn-repository\com\fasterxml\jackson\core\jackson-annotations\2.9.0\jackson-annotations-2.9.0.jar;D:\nh\maven\mvn-repository\com\fasterxml\jackson\core\jackson-core\2.9.5\jackson-core-2.9.5.jar;D:\nh\maven\mvn-repository\com\fasterxml\jackson\datatype\jackson-datatype-jdk8\2.9.5\jackson-datatype-jdk8-2.9.5.jar;D:\nh\maven\mvn-repository\com\fasterxml\jackson\datatype\jackson-datatype-jsr310\2.9.5\jackson-datatype-jsr310-2.9.5.jar;D:\nh\maven\mvn-repository\com\fasterxml\jackson\module\jackson-module-parameter-names\2.9.5\jackson-module-parameter-names-2.9.5.jar;D:\nh\maven\mvn-repository\org\springframework\boot\spring-boot-starter-tomcat\2.0.2.RELEASE\spring-boot-starter-tomcat-2.0.2.RELEASE.jar;D:\nh\maven\mvn-repository\org\apache\tomcat\embed\tomcat-embed-core\8.5.31\tomcat-embed-core-8.5.31.jar;D:\nh\maven\mvn-repository\org\apache\tomcat\embed\tomcat-embed-el\8.5.31\tomcat-embed-el-8.5.31.jar;D:\nh\maven\mvn-repository\org\apache\tomcat\embed\tomcat-embed-websocket\8.5.31\tomcat-embed-websocket-8.5.31.jar;D:\nh\maven\mvn-repository\org\hibernate\validator\hibernate-validator\6.0.9.Final\hibernate-validator-6.0.9.Final.jar;D:\nh\maven\mvn-repository\javax\validation\validation-api\2.0.1.Final\validation-api-2.0.1.Final.jar;D:\nh\maven\mvn-repository\org\jboss\logging\jboss-logging\3.3.2.Final\jboss-logging-3.3.2.Final.jar;D:\nh\maven\mvn-repository\com\fasterxml\classmate\1.3.4\classmate-1.3.4.jar;D:\nh\maven\mvn-repository\org\springframework\spring-web\5.0.6.RELEASE\spring-web-5.0.6.RELEASE.jar;D:\nh\maven\mvn-repository\org\springframework\spring-webmvc\5.0.6.RELEASE\spring-webmvc-5.0.6.RELEASE.jar;D:\nh\maven\mvn-repository\org\springframework\spring-messaging\5.0.6.RELEASE\spring-messaging-5.0.6.RELEASE.jar;D:\nh\maven\mvn-repository\org\springframework\spring-beans\5.0.6.RELEASE\spring-beans-5.0.6.RELEASE.jar;D:\nh\maven\mvn-repository\org\springframework\spring-websocket\5.0.6.RELEASE\spring-websocket-5.0.6.RELEASE.jar;D:\nh\maven\mvn-repository\org\springframework\spring-context\5.0.6.RELEASE\spring-context-5.0.6.RELEASE.jar;D:\nh\maven\mvn-repository\org\springframework\boot\spring-boot-starter-security\2.0.2.RELEASE\spring-boot-starter-security-2.0.2.RELEASE.jar;D:\nh\maven\mvn-repository\org\springframework\spring-aop\5.0.6.RELEASE\spring-aop-5.0.6.RELEASE.jar;D:\nh\maven\mvn-repository\org\springframework\security\spring-security-config\5.0.5.RELEASE\spring-security-config-5.0.5.RELEASE.jar;D:\nh\maven\mvn-repository\org\springframework\security\spring-security-core\5.0.5.RELEASE\spring-security-core-5.0.5.RELEASE.jar;D:\nh\maven\mvn-repository\org\springframework\security\spring-security-web\5.0.5.RELEASE\spring-security-web-5.0.5.RELEASE.jar;D:\nh\maven\mvn-repository\org\springframework\spring-expression\5.0.6.RELEASE\spring-expression-5.0.6.RELEASE.jar;D:\nh\maven\mvn-repository\org\springframework\boot\spring-boot-starter-test\2.0.2.RELEASE\spring-boot-starter-test-2.0.2.RELEASE.jar;D:\nh\maven\mvn-repository\org\springframework\boot\spring-boot-test\2.0.2.RELEASE\spring-boot-test-2.0.2.RELEASE.jar;D:\nh\maven\mvn-repository\org\springframework\boot\spring-boot-test-autoconfigure\2.0.2.RELEASE\spring-boot-test-autoconfigure-2.0.2.RELEASE.jar;D:\nh\maven\mvn-repository\com\jayway\jsonpath\json-path\2.4.0\json-path-2.4.0.jar;D:\nh\maven\mvn-repository\net\minidev\json-smart\2.3\json-smart-2.3.jar;D:\nh\maven\mvn-repository\net\minidev\accessors-smart\1.2\accessors-smart-1.2.jar;D:\nh\maven\mvn-repository\org\ow2\asm\asm\5.0.4\asm-5.0.4.jar;D:\nh\maven\mvn-repository\junit\junit\4.12\junit-4.12.jar;D:\nh\maven\mvn-repository\org\assertj\assertj-core\3.9.1\assertj-core-3.9.1.jar;D:\nh\maven\mvn-repository\org\mockito\mockito-core\2.15.0\mockito-core-2.15.0.jar;D:\nh\maven\mvn-repository\net\bytebuddy\byte-buddy\1.7.11\byte-buddy-1.7.11.jar;D:\nh\maven\mvn-repository\net\bytebuddy\byte-buddy-agent\1.7.11\byte-buddy-agent-1.7.11.jar;D:\nh\maven\mvn-repository\org\objenesis\objenesis\2.6\objenesis-2.6.jar;D:\nh\maven\mvn-repository\org\hamcrest\hamcrest-core\1.3\hamcrest-core-1.3.jar;D:\nh\maven\mvn-repository\org\hamcrest\hamcrest-library\1.3\hamcrest-library-1.3.jar;D:\nh\maven\mvn-repository\org\skyscreamer\jsonassert\1.5.0\jsonassert-1.5.0.jar;D:\nh\maven\mvn-repository\com\vaadin\external\google\android-json\0.0.20131108.vaadin1\android-json-0.0.20131108.vaadin1.jar;D:\nh\maven\mvn-repository\org\springframework\spring-core\5.0.6.RELEASE\spring-core-5.0.6.RELEASE.jar;D:\nh\maven\mvn-repository\org\springframework\spring-jcl\5.0.6.RELEASE\spring-jcl-5.0.6.RELEASE.jar;D:\nh\maven\mvn-repository\org\springframework\spring-test\5.0.6.RELEASE\spring-test-5.0.6.RELEASE.jar;D:\nh\maven\mvn-repository\org\xmlunit\xmlunit-core\2.5.1\xmlunit-core-2.5.1.jar;"/>
    <property name="sun.cpu.endian" value="little"/>
    <property name="user.home" value="C:\Users\pact.PACT-20180117QF"/>
    <property name="user.language" value="zh"/>
    <property name="java.specification.vendor" value="Oracle Corporation"/>
    <property name="java.home" value="C:\Program Files\Java\jdk1.8.0_161\jre"/>
    <property name="basedir" value="D:\nh\workspace\spring-boot-websocket"/>
    <property name="file.separator" value="\"/>
    <property name="line.separator" value="&#10;"/>
    <property name="java.vm.specification.vendor" value="Oracle Corporation"/>
    <property name="java.specification.name" value="Java Platform API Specification"/>
    <property name="java.awt.graphicsenv" value="sun.awt.Win32GraphicsEnvironment"/>
    <property name="surefire.real.class.path" value="C:\Users\PACT~1.PAC\AppData\Local\Temp\surefire478772479517966298\surefirebooter7539381145260718450.jar"/>
    <property name="sun.boot.class.path" value="C:\Program Files\Java\jdk1.8.0_161\jre\lib\resources.jar;C:\Program Files\Java\jdk1.8.0_161\jre\lib\rt.jar;C:\Program Files\Java\jdk1.8.0_161\jre\lib\sunrsasign.jar;C:\Program Files\Java\jdk1.8.0_161\jre\lib\jsse.jar;C:\Program Files\Java\jdk1.8.0_161\jre\lib\jce.jar;C:\Program Files\Java\jdk1.8.0_161\jre\lib\charsets.jar;C:\Program Files\Java\jdk1.8.0_161\jre\lib\jfr.jar;C:\Program Files\Java\jdk1.8.0_161\jre\classes"/>
    <property name="user.script" value=""/>
    <property name="sun.management.compiler" value="HotSpot 64-Bit Tiered Compilers"/>
    <property name="java.runtime.version" value="1.8.0_161-b12"/>
    <property name="user.name" value="pact"/>
    <property name="path.separator" value=";"/>
    <property name="os.version" value="6.1"/>
    <property name="java.endorsed.dirs" value="C:\Program Files\Java\jdk1.8.0_161\jre\lib\endorsed"/>
    <property name="java.runtime.name" value="Java(TM) SE Runtime Environment"/>
    <property name="file.encoding" value="GBK"/>
    <property name="java.vm.name" value="Java HotSpot(TM) 64-Bit Server VM"/>
    <property name="localRepository" value="D:\nh\maven\mvn-repository"/>
    <property name="java.vendor.url.bug" value="http://bugreport.sun.com/bugreport/"/>
    <property name="java.io.tmpdir" value="C:\Users\PACT~1.PAC\AppData\Local\Temp\"/>
    <property name="java.version" value="1.8.0_161"/>
    <property name="user.dir" value="D:\nh\workspace\spring-boot-websocket"/>
    <property name="os.arch" value="amd64"/>
    <property name="java.vm.specification.name" value="Java Virtual Machine Specification"/>
    <property name="java.awt.printerjob" value="sun.awt.windows.WPrinterJob"/>
    <property name="sun.os.patch.level" value="Service Pack 1"/>
    <property name="java.library.path" value="C:\Program Files\Java\jdk1.8.0_161\jre\bin;C:\Windows\Sun\Java\bin;C:\Windows\system32;C:\Windows;C:/Program Files/Java/jre1.8.0_161/bin/server;C:/Program Files/Java/jre1.8.0_161/bin;C:/Program Files/Java/jre1.8.0_161/lib/amd64;C:\ProgramData\Oracle\Java\javapath;C:\Windows\system32;C:\Windows;C:\Windows\System32\Wbem;C:\Windows\System32\WindowsPowerShell\v1.0\;C:\Program Files\Java\jdk1.8.0_161\bin;C:\Program Files\Java\jdk1.8.0_161\jre\bin;C:\Program Files\MySQL\MySQL Utilities 1.6\;D:\nh\maven\apache-maven-3.5.2\bin;D:\nh\git\Git\cmd;D:\nh\tortoisegit\bin;D:\nh\nodejs\node_global\;D:\nh\nodejs\;D:\nh\apringbootcli\spring-1.5.6.RELEASE\bin;D:\nh\gradle-4.7\bin;E:\spring-2.0.2.RELEASE\bin;;D:\nh\visualstudiocode\Microsoft VS Code\bin;D:\nh\nodejs\node_global\;;C:\Users\pact.PACT-20180117QF\Desktop;;."/>
    <property name="java.vm.info" value="mixed mode"/>
    <property name="java.vendor" value="Oracle Corporation"/>
    <property name="java.vm.version" value="25.161-b12"/>
    <property name="java.ext.dirs" value="C:\Program Files\Java\jdk1.8.0_161\jre\lib\ext;C:\Windows\Sun\Java\lib\ext"/>
    <property name="sun.io.unicode.encoding" value="UnicodeLittle"/>
    <property name="java.class.version" value="52.0"/>
  </properties>
  <testcase name="contextLoads" classname="com.nh.SpringBootWebsocketApplicationTests" time="0.099"/>
</testsuite>